<?xml version="1.0" encoding="UTF-8" ?>
<testsuite tests="4" failures="0" name="com.example.valley.CounterTest" time="0.231" errors="0" skipped="0">
  <properties>
[...]
</properties>
  <testcase classname="com.example.valley.CounterTest" name="countSingleValley" time="0.084"/>
  <testcase classname="com.example.valley.CounterTest" name="countMultipleValleys" time="0.051"/>
  <testcase classname="com.example.valley.CounterTest" name="countSingleHill" time="0.013"/>
  <testcase classname="com.example.valley.CounterTest" name="countHillThenValley" time="0.083"/>
</testsuite>